C51 COMPILER V9.54   MAIN                                                                  09/25/2019 14:46:44 PAGE 1   


C51 COMPILER V9.54, COMPILATION OF MODULE MAIN
OBJECT MODULE PLACED IN .\Objects\main.obj
COMPILER INVOKED BY: d:\Keil_v5\C51\BIN\C51.EXE main.c OPTIMIZE(8,SPEED) BROWSE INCDIR(.\HARDWARE) DEBUG OBJECTEXTEND PR
                    -INT(.\Listings\main.lst) OBJECT(.\Objects\main.obj)

line level    source

   1          #include <STC15F2K60S2.H>
   2          #include <intrins.h>
   3          #include "display.h"
   4          #include "pwm.h"
   5          
   6          #define foc 11059200ul
   7          #define T0H 65536 - (2 * foc) / (12 * 1000)/ 256
   8          #define T0L 65536 - (2 * foc) / (12 * 1000)% 256
   9          
  10          
  11          typedef unsigned char uint8_t;
  12          typedef unsigned int  uint16_t;
  13          
  14          sbit TLC594_CS = P1^5;
  15          sbit TLC594_DOUT = P1^6;
  16          sbit TLC594_CLK = P1^7;
  17          
  18          bit Flag = 0; //这个是数码管扫描产生
  19          bit Flag1 = 0; //这个是AD扫描产生标志
  20          
  21          uint8_t ADcount = 0;
  22          
  23          uint8_t bdata AdValue;
  24          sbit AIN = AdValue^0;
  25          
  26          
  27          void Timer0_Init();
  28          uint16_t get_ADValue();
  29          
  30          /************
  31          /*This is the main function
  32          ************/
  33          void main()
  34          {
  35   1              uint8_t i = 0;
  36   1              uint8_t j = 0;
  37   1              
  38   1              uint8_t ucAdValue = 0;
  39   1              uint16_t uiAdValue = 0;
  40   1              
  41   1              float fAdValue = 0.0;
  42   1              
  43   1              Timer0_Init();
  44   1              
  45   1              while(1)
  46   1              {
  47   2                      if(Flag1)
  48   2                      {
  49   3                              Flag1 = 0;
  50   3                              ucAdValue = get_ADValue();
  51   3                              fAdValue =(float)(ucAdValue * 5.0/255.0);
  52   3                              uiAdValue = fAdValue*1000;
  53   3                              show_number(uiAdValue);         
  54   3                              pwm_out(ucAdValue);
C51 COMPILER V9.54   MAIN                                                                  09/25/2019 14:46:44 PAGE 2   

  55   3                      }
  56   2                      if(Flag)
  57   2                      {
  58   3                              Flag = 0;
  59   3                              led_scan();
  60   3                              
  61   3                      }
  62   2              }
  63   1      }
  64          
  65          
  66          uint16_t get_ADValue()
  67          {
  68   1              uint8_t i;
  69   1      
  70   1              TLC594_CS = 0;
  71   1              TLC594_DOUT = 1;
  72   1              TLC594_CLK = 0;
  73   1      
  74   1              for(i = 0; i < 8; i ++)
  75   1              {
  76   2                      AdValue = AdValue << 1;
  77   2                      TLC594_CLK = 1;
  78   2                      _nop_();
  79   2                      _nop_();
  80   2                      AIN = TLC594_DOUT;
  81   2                      TLC594_CLK = 0;
  82   2      
  83   2                      _nop_();
  84   2                      _nop_();                
  85   2              }
  86   1              TLC594_CS = 1;
  87   1              return AdValue;
  88   1      }
  89          
  90          
  91          void Timer0_Init() //Initialize the timer.
  92          {
  93   1          TMOD = 0x01;
  94   1          TH0 = T0H;
  95   1          TL0 = T0L;
  96   1          EA = 1;
  97   1          ET0 = 1;
  98   1          TR0 = 1;
  99   1      }
 100          
 101          void Timer0_ISR() interrupt 1
 102          {   
 103   1          TH0 = T0H;
 104   1          TL0 = T0L;  
 105   1              Flag = 1;
 106   1              pwm_timer(255);
 107   1          if(ADcount ++ >= 20)
 108   1          {
 109   2              ADcount = 0;
 110   2              Flag1 = 1;
 111   2          }
 112   1      }


MODULE INFORMATION:   STATIC OVERLAYABLE
   CODE SIZE        =    250    ----
C51 COMPILER V9.54   MAIN                                                                  09/25/2019 14:46:44 PAGE 3   

   CONSTANT SIZE    =   ----    ----
   XDATA SIZE       =   ----    ----
   PDATA SIZE       =   ----    ----
   DATA SIZE        =      2       9
   IDATA SIZE       =   ----    ----
   BIT SIZE         =      2    ----
END OF MODULE INFORMATION.


C51 COMPILATION COMPLETE.  0 WARNING(S),  0 ERROR(S)
