C51 COMPILER V9.54   PWM                                                                   09/25/2019 11:04:38 PAGE 1   


C51 COMPILER V9.54, COMPILATION OF MODULE PWM
OBJECT MODULE PLACED IN .\Objects\pwm.obj
COMPILER INVOKED BY: d:\Keil_v5\C51\BIN\C51.EXE HARDWARE\pwm.c OPTIMIZE(8,SPEED) BROWSE INCDIR(.\HARDWARE) DEBUG OBJECTE
                    -XTEND PRINT(.\Listings\pwm.lst) OBJECT(.\Objects\pwm.obj)

line level    source

   1          #include "pwm.h"
   2          
   3          typedef unsigned char uint8_t;
   4          typedef unsigned int  uint16_t;
   5          
   6          sbit PWM_OUT_IO = P1^4;
   7          uint16_t PWM_CYCLE[] = {0};
   8          
   9          
  10          void pwm_out(uint16_t cycle)
  11          {
  12   1                      PWM_CYCLE[0] = cycle;
  13   1      }
  14          
  15          
  16          void pwm_timer(uint16_t period)
  17          {
  18   1              static uint16_t cnt = 0;
  19   1              cnt ++;
  20   1              if(cnt > period)
  21   1              {
  22   2                      cnt = 0;
  23   2                      PWM_OUT_IO = 1;
  24   2              }
  25   1              else if(cnt < PWM_CYCLE[0])
  26   1              {
  27   2                      PWM_OUT_IO = 1;
  28   2              }
  29   1              else
  30   1              {
  31   2                      PWM_OUT_IO = 0;
  32   2              }
  33   1              
  34   1      }


MODULE INFORMATION:   STATIC OVERLAYABLE
   CODE SIZE        =     45    ----
   CONSTANT SIZE    =   ----    ----
   XDATA SIZE       =   ----    ----
   PDATA SIZE       =   ----    ----
   DATA SIZE        =      4    ----
   IDATA SIZE       =   ----    ----
   BIT SIZE         =   ----    ----
END OF MODULE INFORMATION.


C51 COMPILATION COMPLETE.  0 WARNING(S),  0 ERROR(S)
